<?xml version="1.0" encoding="UTF-8"?>
<!-- Generated by org.testng.reporters.JUnitReportReporter -->
<testsuite skipped="0" hostname="LAPTOP-QB1BR1GJ" name="com.automation.rcbteam.tests.TestForeignPlayers" tests="1" failures="0" timestamp="2023-02-13T00:50:55 IST" time="0.672" errors="0">
  <testcase name="testMaxForeignPlayers" time="0.672" classname="com.automation.rcbteam.tests.TestForeignPlayers"/>
</testsuite> <!-- com.automation.rcbteam.tests.TestForeignPlayers -->
