<?xml version="1.0" encoding="UTF-8"?>
<!-- Generated by org.testng.reporters.JUnitReportReporter -->
<testsuite skipped="0" hostname="LAPTOP-QB1BR1GJ" name="com.automation.rcbteam.tests.TestWicketKeeper" tests="2" failures="0" timestamp="2023-02-15T03:33:06 IST" time="0.416" errors="1">
  <testcase name="testWicketKeeperPresent" time="0.191" classname="com.automation.rcbteam.tests.TestWicketKeeper"/>
  <testcase name="CompleteSuite" time="0.225" classname="com.automation.rcbteam.tests.TestWicketKeeper">
    <error type="java.lang.NullPointerException">
      <![CDATA[java.lang.NullPointerException
at com.automation.common.utilities.ExcelReport.GetRowCountForStatus(ExcelReport.java:216)
at com.automation.common.utilities.ExcelReport.GeneratePassedCases(ExcelReport.java:265)
at com.automation.common.BaseClass.CompleteSuite(BaseClass.java:192)
at sun.reflect.NativeMethodAccessorImpl.invoke0(Native Method)
at sun.reflect.NativeMethodAccessorImpl.invoke(Unknown Source)
at sun.reflect.DelegatingMethodAccessorImpl.invoke(Unknown Source)
at java.lang.reflect.Method.invoke(Unknown Source)
at org.testng.internal.MethodInvocationHelper.invokeMethod(MethodInvocationHelper.java:133)
at org.testng.internal.MethodInvocationHelper.invokeMethodConsideringTimeout(MethodInvocationHelper.java:62)
at org.testng.internal.ConfigInvoker.invokeConfigurationMethod(ConfigInvoker.java:340)
at org.testng.internal.ConfigInvoker.invokeConfigurations(ConfigInvoker.java:294)
at org.testng.SuiteRunner.privateRun(SuiteRunner.java:369)
at org.testng.SuiteRunner.run(SuiteRunner.java:304)
at org.testng.SuiteRunnerWorker.runSuite(SuiteRunnerWorker.java:53)
at org.testng.SuiteRunnerWorker.run(SuiteRunnerWorker.java:96)
at org.testng.TestNG.runSuitesSequentially(TestNG.java:1180)
at org.testng.TestNG.runSuitesLocally(TestNG.java:1102)
at org.testng.TestNG.runSuites(TestNG.java:1032)
at org.testng.TestNG.run(TestNG.java:1000)
at org.testng.remote.AbstractRemoteTestNG.run(AbstractRemoteTestNG.java:115)
at org.testng.remote.RemoteTestNG.initAndRun(RemoteTestNG.java:251)
at org.testng.remote.RemoteTestNG.main(RemoteTestNG.java:77)
]]>
    </error>
  </testcase> <!-- CompleteSuite -->
</testsuite> <!-- com.automation.rcbteam.tests.TestWicketKeeper -->
